<?xml version="1.0" encoding="UTF-8"?>
<testng-results ignored="0" total="2" passed="2" failed="0" skipped="0">
  <reporter-output>
  </reporter-output>
  <suite started-at="2025-10-02T21:56:25 KST" name="Default suite" finished-at="2025-10-02T21:56:54 KST" duration-ms="29405">
    <groups>
    </groups>
    <test started-at="2025-10-02T21:56:25 KST" name="Default test" finished-at="2025-10-02T21:56:54 KST" duration-ms="29405">
      <class name="sidePJTest.test.LoginTest">
        <test-method is-config="true" signature="setUp()[pri:0, instance:sidePJTest.test.LoginTest@5c86a017]" started-at="2025-10-02T21:56:26 KST" name="setUp" finished-at="2025-10-02T21:56:36 KST" duration-ms="10113" status="PASS">
          <reporter-output>
          </reporter-output>
        </test-method> <!-- setUp -->
        <test-method signature="testValidLogin(java.lang.String,java.lang.String,java.lang.String,java.lang.String,java.lang.String)[pri:0, instance:sidePJTest.test.LoginTest@5c86a017]" started-at="2025-10-02T21:56:36 KST" name="testValidLogin" data-provider="loginData" finished-at="2025-10-02T21:56:44 KST" duration-ms="8286" status="PASS">
          <params>
            <param index="0">
              <value>
                <![CDATA[1]]>
              </value>
            </param>
            <param index="1">
              <value>
                <![CDATA[testuser1]]>
              </value>
            </param>
            <param index="2">
              <value>
                <![CDATA[testuser1@]]>
              </value>
            </param>
            <param index="3">
              <value>
                <![CDATA[nheoik93@gmail.com]]>
              </value>
            </param>
            <param index="4">
              <value>
                <![CDATA[nomaluser]]>
              </value>
            </param>
          </params>
          <reporter-output>
          </reporter-output>
        </test-method> <!-- testValidLogin -->
        <test-method is-config="true" signature="tearDown()[pri:0, instance:sidePJTest.test.LoginTest@5c86a017]" started-at="2025-10-02T21:56:45 KST" name="tearDown" finished-at="2025-10-02T21:56:45 KST" duration-ms="503" status="PASS">
          <reporter-output>
          </reporter-output>
        </test-method> <!-- tearDown -->
        <test-method is-config="true" signature="setUp()[pri:0, instance:sidePJTest.test.LoginTest@5c86a017]" started-at="2025-10-02T21:56:45 KST" name="setUp" finished-at="2025-10-02T21:56:49 KST" duration-ms="3952" status="PASS">
          <reporter-output>
          </reporter-output>
        </test-method> <!-- setUp -->
        <test-method signature="testValidLogin(java.lang.String,java.lang.String,java.lang.String,java.lang.String,java.lang.String)[pri:0, instance:sidePJTest.test.LoginTest@5c86a017]" started-at="2025-10-02T21:56:49 KST" name="testValidLogin" data-provider="loginData" finished-at="2025-10-02T21:56:54 KST" duration-ms="4679" status="PASS">
          <params>
            <param index="0">
              <value>
                <![CDATA[2]]>
              </value>
            </param>
            <param index="1">
              <value>
                <![CDATA[testuser2]]>
              </value>
            </param>
            <param index="2">
              <value>
                <![CDATA[testuser2@]]>
              </value>
            </param>
            <param index="3">
              <value>
                <![CDATA[NA]]>
              </value>
            </param>
            <param index="4">
              <value>
                <![CDATA[loginfailuser]]>
              </value>
            </param>
          </params>
          <reporter-output>
          </reporter-output>
        </test-method> <!-- testValidLogin -->
        <test-method is-config="true" signature="tearDown()[pri:0, instance:sidePJTest.test.LoginTest@5c86a017]" started-at="2025-10-02T21:56:54 KST" name="tearDown" finished-at="2025-10-02T21:56:54 KST" duration-ms="405" status="PASS">
          <reporter-output>
          </reporter-output>
        </test-method> <!-- tearDown -->
      </class> <!-- sidePJTest.test.LoginTest -->
    </test> <!-- Default test -->
  </suite> <!-- Default suite -->
</testng-results>
